<?xml version="1.0" encoding="UTF-8"?>
<!-- Generated by org.testng.reporters.JUnitXMLReporter -->
<testsuite hostname="SATWA_LAPTOP" ignored="1" name="Default test" tests="1" failures="0" timestamp="07 Aug 2018 10:40:53 GMT" time="0.99" errors="0">
  <testcase name="verify_permissions_for_verified_user" time="0.025" classname="tests.Cases"/>
  <testcase name="verify_permissions_for_not_verified_user" time="0.0" classname="tests.Cases">
    <ignored/>
  </testcase> <!-- verify_permissions_for_not_verified_user -->
</testsuite> <!-- Default test -->
