<?xml version="1.0" encoding="UTF-8"?>
<testng-results skipped="0" failed="1" ignored="0" total="2" passed="1">
  <reporter-output>
  </reporter-output>
  <suite name="Regression" duration-ms="15769" started-at="2018-08-07T14:58:54Z" finished-at="2018-08-07T14:59:10Z">
    <groups>
    </groups>
    <test name="ValidateCases" duration-ms="15769" started-at="2018-08-07T14:58:54Z" finished-at="2018-08-07T14:59:10Z">
      <class name="tests.Cases">
        <test-method status="PASS" signature="getEnvDetails(java.lang.String)[pri:0, instance:tests.Cases@fad74ee]" name="getEnvDetails" is-config="true" duration-ms="69" started-at="2018-08-07T14:58:54Z" finished-at="2018-08-07T14:58:54Z">
          <params>
            <param index="0">
              <value>
                <![CDATA[qa]]>
              </value>
            </param>
          </params>
          <reporter-output>
          </reporter-output>
        </test-method> <!-- getEnvDetails -->
        <test-method status="PASS" signature="initiateReport(org.testng.ITestContext)[pri:0, instance:tests.Cases@fad74ee]" name="initiateReport" is-config="true" duration-ms="557" started-at="2018-08-07T14:58:54Z" finished-at="2018-08-07T14:58:54Z">
          <params>
            <param index="0">
              <value>
                <![CDATA[org.testng.TestRunner@b6b1987]]>
              </value>
            </param>
          </params>
          <reporter-output>
          </reporter-output>
        </test-method> <!-- initiateReport -->
        <test-method status="PASS" signature="closeBrowsers()[pri:0, instance:tests.Cases@fad74ee]" name="closeBrowsers" is-config="true" duration-ms="94" started-at="2018-08-07T14:58:54Z" finished-at="2018-08-07T14:58:55Z">
          <reporter-output>
          </reporter-output>
        </test-method> <!-- closeBrowsers -->
        <test-method status="FAIL" signature="verify_permissions_for_verified_user(java.lang.String)[pri:0, instance:tests.Cases@fad74ee]" name="verify_permissions_for_verified_user" duration-ms="14033" started-at="2018-08-07T14:58:55Z" finished-at="2018-08-07T14:59:09Z">
          <params>
            <param index="0">
              <value>
                <![CDATA[chrome]]>
              </value>
            </param>
          </params>
          <exception class="java.lang.NullPointerException">
            <full-stacktrace>
              <![CDATA[java.lang.NullPointerException
at framework.UtilityMethods.getObjectIdentification(UtilityMethods.java:32)
at framework.UtilityMethods.getBy_from_Repository(UtilityMethods.java:83)
at framework.Common.Login(Common.java:35)
at tests.Cases.verify_permissions_for_verified_user(Cases.java:35)
at sun.reflect.NativeMethodAccessorImpl.invoke0(Native Method)
at sun.reflect.NativeMethodAccessorImpl.invoke(NativeMethodAccessorImpl.java:62)
at sun.reflect.DelegatingMethodAccessorImpl.invoke(DelegatingMethodAccessorImpl.java:43)
at java.lang.reflect.Method.invoke(Method.java:498)
at org.testng.internal.MethodInvocationHelper.invokeMethod(MethodInvocationHelper.java:124)
at org.testng.internal.Invoker.invokeMethod(Invoker.java:583)
at org.testng.internal.Invoker.invokeTestMethod(Invoker.java:719)
at org.testng.internal.Invoker.invokeTestMethods(Invoker.java:989)
at org.testng.internal.TestMethodWorker.invokeTestMethods(TestMethodWorker.java:125)
at org.testng.internal.TestMethodWorker.run(TestMethodWorker.java:109)
at org.testng.TestRunner.privateRun(TestRunner.java:648)
at org.testng.TestRunner.run(TestRunner.java:505)
at org.testng.SuiteRunner.runTest(SuiteRunner.java:455)
at org.testng.SuiteRunner.runSequentially(SuiteRunner.java:450)
at org.testng.SuiteRunner.privateRun(SuiteRunner.java:415)
at org.testng.SuiteRunner.run(SuiteRunner.java:364)
at org.testng.SuiteRunnerWorker.runSuite(SuiteRunnerWorker.java:52)
at org.testng.SuiteRunnerWorker.run(SuiteRunnerWorker.java:84)
at org.testng.TestNG.runSuitesSequentially(TestNG.java:1208)
at org.testng.TestNG.runSuitesLocally(TestNG.java:1137)
at org.testng.TestNG.runSuites(TestNG.java:1049)
at org.testng.TestNG.run(TestNG.java:1017)
at org.testng.remote.AbstractRemoteTestNG.run(AbstractRemoteTestNG.java:114)
at org.testng.remote.RemoteTestNG.initAndRun(RemoteTestNG.java:251)
at org.testng.remote.RemoteTestNG.main(RemoteTestNG.java:77)
]]>
            </full-stacktrace>
          </exception> <!-- java.lang.NullPointerException -->
          <reporter-output>
          </reporter-output>
        </test-method> <!-- verify_permissions_for_verified_user -->
        <test-method status="PASS" signature="closeBrowsers()[pri:0, instance:tests.Cases@fad74ee]" name="closeBrowsers" is-config="true" duration-ms="75" started-at="2018-08-07T14:59:09Z" finished-at="2018-08-07T14:59:09Z">
          <reporter-output>
          </reporter-output>
        </test-method> <!-- closeBrowsers -->
        <test-method status="PASS" signature="verify_permissions_for_not_verified_user(java.lang.String)[pri:0, instance:tests.Cases@fad74ee]" name="verify_permissions_for_not_verified_user" duration-ms="19" started-at="2018-08-07T14:59:09Z" finished-at="2018-08-07T14:59:09Z">
          <params>
            <param index="0">
              <value>
                <![CDATA[chrome]]>
              </value>
            </param>
          </params>
          <reporter-output>
          </reporter-output>
        </test-method> <!-- verify_permissions_for_not_verified_user -->
        <test-method status="PASS" signature="endReport()[pri:0, instance:tests.Cases@fad74ee]" name="endReport" is-config="true" duration-ms="963" started-at="2018-08-07T14:59:09Z" finished-at="2018-08-07T14:59:10Z">
          <reporter-output>
          </reporter-output>
        </test-method> <!-- endReport -->
      </class> <!-- tests.Cases -->
    </test> <!-- ValidateCases -->
  </suite> <!-- Regression -->
</testng-results>
